Using pre-set license
Built from '2020.3/staging' branch; Version is '2020.3.11f1 (99c7afb366b3) revision 10078127'; Using compiler version '192528614'; Build Type 'Release'
OS: 'Windows 10 Home Single Language; OS build 19044.1586; Version 2009; 64bit' Language: 'en' Physical Memory: 8033 MB
BatchMode: 1, IsHumanControllingUs: 0, StartBugReporterOnCrash: 0, Is64bit: 1, IsPro: 0

 COMMAND LINE ARGUMENTS:
F:\unity\Editor\Unity.exe
-adb2
-batchMode
-noUpm
-name
AssetImportWorker0
-projectPath
C:/Users/hp/Documents/2d/aa-Replica-master/aa Replica
-logFile
Logs/AssetImportWorker0.log
-srvPort
56676
Successfully changed project path to: C:/Users/hp/Documents/2d/aa-Replica-master/aa Replica
C:/Users/hp/Documents/2d/aa-Replica-master/aa Replica
Using Asset Import Pipeline V2.
Refreshing native plugins compatible for Editor in 37.22 ms, found 2 plugins.
Preloading 0 native plugins for Editor in 0.00 ms.
Initialize engine version: 2020.3.11f1 (99c7afb366b3)
[Subsystems] Discovering subsystems at path F:/unity/Editor/Data/Resources/UnitySubsystems
[Subsystems] Discovering subsystems at path C:/Users/hp/Documents/2d/aa-Replica-master/aa Replica/Assets
GfxDevice: creating device client; threaded=0
Direct3D:
    Version:  Direct3D 11.0 [level 11.1]
    Renderer: NVIDIA GeForce GTX 1050 (ID=0x1c8d)
    Vendor:   
    VRAM:     4019 MB
    Driver:   30.0.14.7247
Initialize mono
Mono path[0] = 'F:/unity/Editor/Data/Managed'
Mono path[1] = 'F:/unity/Editor/Data/MonoBleedingEdge/lib/mono/unityjit'
Mono config path = 'F:/unity/Editor/Data/MonoBleedingEdge/etc'
Using monoOptions --debugger-agent=transport=dt_socket,embedding=1,server=y,suspend=n,address=127.0.0.1:56676
Begin MonoManager ReloadAssembly
Registering precompiled unity dll's ...
Register platform support module: F:/unity/Editor/Data/PlaybackEngines/WindowsStandaloneSupport/UnityEditor.WindowsStandalone.Extensions.dll
Registered in 0.046852 seconds.
Native extension for WindowsStandalone target not found
Refreshing native plugins compatible for Editor in 24.64 ms, found 2 plugins.
Preloading 0 native plugins for Editor in 0.00 ms.
Mono: successfully reloaded assembly
- Completed reload, in  4.325 seconds
Platform modules already initialized, skipping
Registering precompiled user dll's ...
Registered in 0.009477 seconds.
Begin MonoManager ReloadAssembly
Native extension for WindowsStandalone target not found
Refreshing native plugins compatible for Editor in 0.35 ms, found 2 plugins.
Preloading 0 native plugins for Editor in 0.00 ms.
Mono: successfully reloaded assembly
- Completed reload, in  1.308 seconds
Platform modules already initialized, skipping
========================================================================
Worker process is ready to serve import requests
Launched and connected shader compiler UnityShaderCompiler.exe after 0.23 seconds
Refreshing native plugins compatible for Editor in 0.45 ms, found 2 plugins.
Preloading 0 native plugins for Editor in 0.00 ms.
Unloading 1391 Unused Serialized files (Serialized files now loaded: 0)
System memory in use before: 64.7 MB.
System memory in use after: 64.8 MB.

Unloading 18 unused Assets to reduce memory usage. Loaded Objects now: 1824.
Total: 2.345100 ms (FindLiveObjects: 0.177500 ms CreateObjectMapping: 0.049700 ms MarkObjects: 2.041100 ms  DeleteObjects: 0.075600 ms)

========================================================================
Received Import Request.
  path: Assets/Scripts/Spawner.cs
  artifactKey: Guid(b2a0da24d4dcd3d4e91286001271dc82) Importer(815301076,1909f56bfc062723c751e8b465ee728b)
Start importing Assets/Scripts/Spawner.cs using Guid(b2a0da24d4dcd3d4e91286001271dc82) Importer(815301076,1909f56bfc062723c751e8b465ee728b)  -> (artifact id: '34f8bd09ef5458aede3e951c9af686c2') in 0.060722 seconds
  Import took 0.065066 seconds .

========================================================================
Received Import Request.
  Time since last request: 0.000342 seconds.
  path: Assets/Scripts/Rotator.cs
  artifactKey: Guid(2d9d1c739cb0c73438ccb4250a8dcbae) Importer(815301076,1909f56bfc062723c751e8b465ee728b)
Start importing Assets/Scripts/Rotator.cs using Guid(2d9d1c739cb0c73438ccb4250a8dcbae) Importer(815301076,1909f56bfc062723c751e8b465ee728b)  -> (artifact id: '0472c6bc55ba1c2561f92fbf14d623eb') in 0.007903 seconds
  Import took 0.010288 seconds .

========================================================================
Received Import Request.
  Time since last request: 196.040192 seconds.
  path: Assets/Scripts/Score.cs
  artifactKey: Guid(2a213a4f684ad59469e1e2f1bdc05bb0) Importer(815301076,1909f56bfc062723c751e8b465ee728b)
Start importing Assets/Scripts/Score.cs using Guid(2a213a4f684ad59469e1e2f1bdc05bb0) Importer(815301076,1909f56bfc062723c751e8b465ee728b)  -> (artifact id: 'd6107ca83a07b92a12a78029fb4228a1') in 0.008372 seconds
  Import took 0.011846 seconds .

========================================================================
Received Import Request.
  Time since last request: 0.042603 seconds.
  path: Assets/Scripts/Score.cs
  artifactKey: Guid(2a213a4f684ad59469e1e2f1bdc05bb0) Importer(815301076,1909f56bfc062723c751e8b465ee728b)
Start importing Assets/Scripts/Score.cs using Guid(2a213a4f684ad59469e1e2f1bdc05bb0) Importer(815301076,1909f56bfc062723c751e8b465ee728b)  -> (artifact id: 'd6107ca83a07b92a12a78029fb4228a1') in 0.003632 seconds
  Import took 0.006556 seconds .

========================================================================
Received Import Request.
  Time since last request: 6042.239090 seconds.
  path: Assets/Scripts
  artifactKey: Guid(6c84820f3a1ece946b18845ee3abf43b) Importer(815301076,1909f56bfc062723c751e8b465ee728b)
Start importing Assets/Scripts using Guid(6c84820f3a1ece946b18845ee3abf43b) Importer(815301076,1909f56bfc062723c751e8b465ee728b)  -> (artifact id: '7de23bd41d838c619724b1deb444de04') in 0.105411 seconds
  Import took 0.619977 seconds .

